 Total Nb of available Diagnostics: ndiagt=   301
------------------------------------------------------------------------------------
  Num  |<-Name->|Levs|  mate |<- code ->|<--  Units   -->|<- Tile (max=80c)         
------------------------------------------------------------------------------------
     1 |SDIAG1  |  1 |       |SM      L1|user-defined    |User-Defined   Surface   Diagnostic  #1
     2 |SDIAG2  |  1 |       |SM      L1|user-defined    |User-Defined   Surface   Diagnostic  #2
     3 |SDIAG3  |  1 |       |SM      L1|user-defined    |User-Defined   Surface   Diagnostic  #3
     4 |SDIAG4  |  1 |       |SM      L1|user-defined    |User-Defined   Surface   Diagnostic  #4
     5 |SDIAG5  |  1 |       |SM      L1|user-defined    |User-Defined   Surface   Diagnostic  #5
     6 |SDIAG6  |  1 |       |SM      L1|user-defined    |User-Defined   Surface   Diagnostic  #6
     7 |SDIAG7  |  1 |       |SU      L1|user-defined    |User-Defined U.pt Surface Diagnostic #7
     8 |SDIAG8  |  1 |       |SV      L1|user-defined    |User-Defined V.pt Surface Diagnostic #8
     9 |SDIAG9  |  1 |    10 |UU      L1|user-defined    |User-Defined U.vector Surface Diag.  #9
    10 |SDIAG10 |  1 |     9 |VV      L1|user-defined    |User-Defined V.vector Surface Diag. #10
    11 |UDIAG1  | 15 |       |SM      MR|user-defined    |User-Defined Model-Level Diagnostic  #1
    12 |UDIAG2  | 15 |       |SM      MR|user-defined    |User-Defined Model-Level Diagnostic  #2
    13 |UDIAG3  | 15 |       |SMR     MR|user-defined    |User-Defined Model-Level Diagnostic  #3
    14 |UDIAG4  | 15 |       |SMR     MR|user-defined    |User-Defined Model-Level Diagnostic  #4
    15 |UDIAG5  | 15 |       |SU      MR|user-defined    |User-Defined U.pt Model-Level Diag.  #5
    16 |UDIAG6  | 15 |       |SV      MR|user-defined    |User-Defined V.pt Model-Level Diag.  #6
    17 |UDIAG7  | 15 |    18 |UUR     MR|user-defined    |User-Defined U.vector Model-Lev Diag.#7
    18 |UDIAG8  | 15 |    17 |VVR     MR|user-defined    |User-Defined V.vector Model-Lev Diag.#8
    19 |UDIAG9  | 15 |       |SM      ML|user-defined    |User-Defined Phys-Level  Diagnostic  #9
    20 |UDIAG10 | 15 |       |SM      ML|user-defined    |User-Defined Phys-Level  Diagnostic #10
    21 |SDIAGC  |  1 |    22 |SM  C   L1|user-defined    |User-Defined Counted Surface Diagnostic
    22 |SDIAGCC |  1 |       |SM      L1|count           |User-Defined Surface Diagnostic Counter
    23 |ETAN    |  1 |       |SM      M1|m               |Surface Height Anomaly
    24 |ETANSQ  |  1 |       |SM P    M1|m^2             |Square of Surface Height Anomaly
    25 |DETADT2 |  1 |       |SM      M1|m^2/s^2         |Square of Surface Height Anomaly Tendency
    26 |THETA   | 15 |       |SMR     MR|degC            |Potential Temperature
    27 |SALT    | 15 |       |SMR     MR|psu             |Salinity
    28 |RELHUM  | 15 |       |SMR     MR|percent         |Relative Humidity
    29 |SALTanom| 15 |       |SMR     MR|psu             |Salt anomaly (=SALT-35; g/kg)
    30 |UVEL    | 15 |    31 |UUR     MR|m/s             |Zonal Component of Velocity (m/s)
    31 |VVEL    | 15 |    30 |VVR     MR|m/s             |Meridional Component of Velocity (m/s)
    32 |WVEL    | 15 |       |WM      LR|m/s             |Vertical Component of Velocity (r_units/s)
    33 |THETASQ | 15 |       |SMRP    MR|degC^2          |Square of Potential Temperature
    34 |SALTSQ  | 15 |       |SMRP    MR|(psu)^2         |Square of Salinity
    35 |SALTSQan| 15 |       |SMRP    MR|(psu)^2         |Square of Salt anomaly (=(SALT-35)^2 (g^2/kg^2)
    36 |UVELSQ  | 15 |    37 |UURP    MR|m^2/s^2         |Square of Zonal Comp of Velocity (m^2/s^2)
    37 |VVELSQ  | 15 |    36 |VVRP    MR|m^2/s^2         |Square of Meridional Comp of Velocity (m^2/s^2)
    38 |WVELSQ  | 15 |       |WM P    LR|m^2/s^2         |Square of Vertical Comp of Velocity
    39 |UE_VEL_C| 15 |    40 |UMR     MR|m/s             |Eastward Velocity (m/s) (cell center)
    40 |VN_VEL_C| 15 |    39 |VMR     MR|m/s             |Northward Velocity (m/s) (cell center)
    41 |UV_VEL_C| 15 |    41 |UMR     MR|m^2/s^2         |Product of horizontal Comp of velocity (cell center)
    42 |UV_VEL_Z| 15 |    42 |UZR     MR|m^2/s^2         |Meridional Transport of Zonal Momentum (m^2/s^2)
    43 |WU_VEL  | 15 |       |WU      LR|m.m/s^2         |Vertical Transport of Zonal Momentum
    44 |WV_VEL  | 15 |       |WV      LR|m.m/s^2         |Vertical Transport of Meridional Momentum
    45 |UVELMASS| 15 |    46 |UUr     MR|m/s             |Zonal Mass-Weighted Comp of Velocity (m/s)
    46 |VVELMASS| 15 |    45 |VVr     MR|m/s             |Meridional Mass-Weighted Comp of Velocity (m/s)
    47 |WVELMASS| 15 |       |WM      LR|m/s             |Vertical Mass-Weighted Comp of Velocity
    48 |PhiVEL  | 15 |    45 |SMR P   MR|m^2/s           |Horizontal Velocity Potential (m^2/s)
    49 |PsiVEL  | 15 |    48 |SZ  P   MR|m.m^2/s         |Horizontal Velocity Stream-Function
    50 |UTHMASS | 15 |    51 |UUr     MR|degC.m/s        |Zonal Mass-Weight Transp of Pot Temp
    51 |VTHMASS | 15 |    50 |VVr     MR|degC.m/s        |Meridional Mass-Weight Transp of Pot Temp
    52 |WTHMASS | 15 |       |WM      LR|degC.m/s        |Vertical Mass-Weight Transp of Pot Temp (K.m/s)
    53 |USLTMASS| 15 |    54 |UUr     MR|psu.m/s         |Zonal Mass-Weight Transp of Salinity
    54 |VSLTMASS| 15 |    53 |VVr     MR|psu.m/s         |Meridional Mass-Weight Transp of Salinity
    55 |WSLTMASS| 15 |       |WM      LR|psu.m/s         |Vertical Mass-Weight Transp of Salinity
    56 |UVELTH  | 15 |    57 |UUR     MR|degC.m/s        |Zonal Transport of Pot Temp
    57 |VVELTH  | 15 |    56 |VVR     MR|degC.m/s        |Meridional Transport of Pot Temp
    58 |WVELTH  | 15 |       |WM      LR|degC.m/s        |Vertical Transport of Pot Temp
    59 |UVELSLT | 15 |    60 |UUR     MR|psu.m/s         |Zonal Transport of Salinity
    60 |VVELSLT | 15 |    59 |VVR     MR|psu.m/s         |Meridional Transport of Salinity
    61 |WVELSLT | 15 |       |WM      LR|psu.m/s         |Vertical Transport of Salinity
    62 |UVELPHI | 15 |    63 |UUr     MR|m^3/s^3         |Zonal Mass-Weight Transp of Pressure Pot.(p/rho) Anomaly
    63 |VVELPHI | 15 |    62 |VVr     MR|m^3/s^3         |Merid. Mass-Weight Transp of Pressure Pot.(p/rho) Anomaly
    64 |RHOAnoma| 15 |       |SMR     MR|kg/m^3          |Density Anomaly (=Rho-rhoConst)
    65 |RHOANOSQ| 15 |       |SMRP    MR|kg^2/m^6        |Square of Density Anomaly (=(Rho-rhoConst)^2)
    66 |URHOMASS| 15 |    67 |UUr     MR|kg/m^2/s        |Zonal Transport of Density
    67 |VRHOMASS| 15 |    66 |VVr     MR|kg/m^2/s        |Meridional Transport of Density
    68 |WRHOMASS| 15 |       |WM      LR|kg/m^2/s        |Vertical Transport of Density
    69 |WdRHO_P | 15 |       |WM      LR|kg/m^2/s        |Vertical velocity times delta^k(Rho)_at-const-P
    70 |WdRHOdP | 15 |       |WM      LR|kg/m^2/s        |Vertical velocity times delta^k(Rho)_at-const-T,S
    71 |PHIHYD  | 15 |       |SMR     MR|m^2/s^2         |Hydrostatic Pressure Pot.(p/rho) Anomaly
    72 |PHIHYDSQ| 15 |       |SMRP    MR|m^4/s^4         |Square of Hyd. Pressure Pot.(p/rho) Anomaly
    73 |PHIBOT  |  1 |       |SM      M1|m^2/s^2         |Bottom Pressure Pot.(p/rho) Anomaly
    74 |PHIBOTSQ|  1 |       |SM P    M1|m^4/s^4         |Square of Bottom Pressure Pot.(p/rho) Anomaly
    75 |PHI_SURF|  1 |       |SM      M1|m^2/s^2         |Surface Dynamical Pressure Pot.(p/rho)
    76 |PHIHYDcR| 15 |       |SMR     MR|m^2/s^2         |Hydrostatic Pressure Pot.(p/rho) Anomaly @ const r
    77 |MXLDEPTH|  1 |       |SM      M1|m               |Mixed-Layer Depth (>0)
    78 |DRHODR  | 15 |       |SM      LR|kg/m^4          |Stratification: d.Sigma/dr (kg/m3/r_unit)
    79 |CONVADJ | 15 |       |SMR     LR|fraction        |Convective Adjustment Index [0-1]
    80 |oceTAUX |  1 |    81 |UU      U1|N/m^2           |zonal surface wind stress, >0 increases uVel
    81 |oceTAUY |  1 |    80 |VV      U1|N/m^2           |meridional surf. wind stress, >0 increases vVel
    82 |atmPload|  1 |       |SM      U1|Pa              |Atmospheric pressure loading
    83 |sIceLoad|  1 |       |SM      U1|kg/m^2          |sea-ice loading (in Mass of ice+snow / area unit)
    84 |oceFWflx|  1 |       |SM      U1|kg/m^2/s        |net surface Fresh-Water flux into the ocean (+=down), >0 decreases salinity
    85 |oceSflux|  1 |       |SM      U1|g/m^2/s         |net surface Salt flux into the ocean (+=down), >0 increases salinity
    86 |oceQnet |  1 |       |SM      U1|W/m^2           |net surface heat flux into the ocean (+=down), >0 increases theta
    87 |oceQsw  |  1 |       |SM      U1|W/m^2           |net Short-Wave radiation (+=down), >0 increases theta
    88 |oceFreez|  1 |       |SM      U1|W/m^2           |heating from freezing of sea-water (allowFreezing=T)
    89 |TRELAX  |  1 |       |SM      U1|W/m^2           |surface temperature relaxation, >0 increases theta
    90 |SRELAX  |  1 |       |SM      U1|g/m^2/s         |surface salinity relaxation, >0 increases salt
    91 |surForcT|  1 |       |SM      U1|W/m^2           |model surface forcing for Temperature, >0 increases theta
    92 |surForcS|  1 |       |SM      U1|g/m^2/s         |model surface forcing for Salinity, >0 increases salinity
    93 |TFLUX   |  1 |       |SM      U1|W/m^2           |total heat flux (match heat-content variations), >0 increases theta
    94 |SFLUX   |  1 |       |SM      U1|g/m^2/s         |total salt flux (match salt-content variations), >0 increases salt
    95 |RCENTER | 15 |       |SM      MR|m               |Cell-Center Height
    96 |RSURF   |  1 |       |SM      M1|m               |Surface Height
    97 |TOTUTEND| 15 |    98 |UUR     MR|m/s/day         |Tendency of Zonal Component of Velocity
    98 |TOTVTEND| 15 |    97 |VVR     MR|m/s/day         |Tendency of Meridional Component of Velocity
    99 |TOTTTEND| 15 |       |SMR     MR|degC/day        |Tendency of Potential Temperature
------------------------------------------------------------------------------------
  Num  |<-Name->|Levs|  mate |<- code ->|<--  Units   -->|<- Tile (max=80c)         
------------------------------------------------------------------------------------
   100 |TOTSTEND| 15 |       |SMR     MR|psu/day         |Tendency of Salinity
   101 |MoistCor| 15 |       |SM      MR|W/m^2           |Heating correction due to moist thermodynamics
   102 |HeatDiss| 15 |       |SM      MR|W/m^2           |Heating from frictional dissipation
   103 |gT_Forc | 15 |       |SMR     MR|degC/s          |Potential Temp. forcing tendency
   104 |gS_Forc | 15 |       |SMR     MR|psu/s           |Salinity forcing tendency
   105 |AB_gT   | 15 |       |SMR     MR|degC/s          |Potential Temp. tendency from Adams-Bashforth
   106 |AB_gS   | 15 |       |SMR     MR|psu/s           |Salinity tendency from Adams-Bashforth
   107 |gTinAB  | 15 |       |SMR     MR|degC/s          |Potential Temp. tendency going in Adams-Bashforth
   108 |gSinAB  | 15 |       |SMR     MR|psu/s           |Salinity tendency going in Adams-Bashforth
   109 |AB_gU   | 15 |   110 |UUR     MR|m/s^2           |U momentum tendency from Adams-Bashforth
   110 |AB_gV   | 15 |   109 |VVR     MR|m/s^2           |V momentum tendency from Adams-Bashforth
   111 |ADVr_TH | 15 |       |WM      LR|degC.m^3/s      |Vertical   Advective Flux of Pot.Temperature
   112 |ADVx_TH | 15 |   113 |UU      MR|degC.m^3/s      |Zonal      Advective Flux of Pot.Temperature
   113 |ADVy_TH | 15 |   112 |VV      MR|degC.m^3/s      |Meridional Advective Flux of Pot.Temperature
   114 |DFrE_TH | 15 |       |WM      LR|degC.m^3/s      |Vertical Diffusive Flux of Pot.Temperature (Explicit part)
   115 |DFxE_TH | 15 |   116 |UU      MR|degC.m^3/s      |Zonal      Diffusive Flux of Pot.Temperature
   116 |DFyE_TH | 15 |   115 |VV      MR|degC.m^3/s      |Meridional Diffusive Flux of Pot.Temperature
   117 |DFrI_TH | 15 |       |WM      LR|degC.m^3/s      |Vertical Diffusive Flux of Pot.Temperature (Implicit part)
   118 |ADVr_SLT| 15 |       |WM      LR|psu.m^3/s       |Vertical   Advective Flux of Salinity
   119 |ADVx_SLT| 15 |   120 |UU      MR|psu.m^3/s       |Zonal      Advective Flux of Salinity
   120 |ADVy_SLT| 15 |   119 |VV      MR|psu.m^3/s       |Meridional Advective Flux of Salinity
   121 |DFrE_SLT| 15 |       |WM      LR|psu.m^3/s       |Vertical Diffusive Flux of Salinity    (Explicit part)
   122 |DFxE_SLT| 15 |   123 |UU      MR|psu.m^3/s       |Zonal      Diffusive Flux of Salinity
   123 |DFyE_SLT| 15 |   122 |VV      MR|psu.m^3/s       |Meridional Diffusive Flux of Salinity
   124 |DFrI_SLT| 15 |       |WM      LR|psu.m^3/s       |Vertical Diffusive Flux of Salinity    (Implicit part)
   125 |SALTFILL| 15 |       |SM      MR|psu.m^3/s       |Filling of Negative Values of Salinity
   126 |VISCAHZ | 15 |       |SZ      MR|m^2/s           |Harmonic Visc Coefficient (m2/s) (Zeta Pt)
   127 |VISCA4Z | 15 |       |SZ      MR|m^4/s           |Biharmonic Visc Coefficient (m4/s) (Zeta Pt)
   128 |VISCAHD | 15 |       |SM      MR|m^2/s           |Harmonic Viscosity Coefficient (m2/s) (Div Pt)
   129 |VISCA4D | 15 |       |SM      MR|m^4/s           |Biharmonic Viscosity Coefficient (m4/s) (Div Pt)
   130 |VISCAHW | 15 |       |WM      LR|m^2/s           |Harmonic Viscosity Coefficient (m2/s) (W Pt)
   131 |VISCA4W | 15 |       |WM      LR|m^4/s           |Biharmonic Viscosity Coefficient (m4/s) (W Pt)
   132 |VAHZMAX | 15 |       |SZ      MR|m^2/s           |CFL-MAX Harm Visc Coefficient (m2/s) (Zeta Pt)
   133 |VA4ZMAX | 15 |       |SZ      MR|m^4/s           |CFL-MAX Biharm Visc Coefficient (m4/s) (Zeta Pt)
   134 |VAHDMAX | 15 |       |SM      MR|m^2/s           |CFL-MAX Harm Visc Coefficient (m2/s) (Div Pt)
   135 |VA4DMAX | 15 |       |SM      MR|m^4/s           |CFL-MAX Biharm Visc Coefficient (m4/s) (Div Pt)
   136 |VAHZMIN | 15 |       |SZ      MR|m^2/s           |RE-MIN Harm Visc Coefficient (m2/s) (Zeta Pt)
   137 |VA4ZMIN | 15 |       |SZ      MR|m^4/s           |RE-MIN Biharm Visc Coefficient (m4/s) (Zeta Pt)
   138 |VAHDMIN | 15 |       |SM      MR|m^2/s           |RE-MIN Harm Visc Coefficient (m2/s) (Div Pt)
   139 |VA4DMIN | 15 |       |SM      MR|m^4/s           |RE-MIN Biharm Visc Coefficient (m4/s) (Div Pt)
   140 |VAHZLTH | 15 |       |SZ      MR|m^2/s           |Leith Harm Visc Coefficient (m2/s) (Zeta Pt)
   141 |VA4ZLTH | 15 |       |SZ      MR|m^4/s           |Leith Biharm Visc Coefficient (m4/s) (Zeta Pt)
   142 |VAHDLTH | 15 |       |SM      MR|m^2/s           |Leith Harm Visc Coefficient (m2/s) (Div Pt)
   143 |VA4DLTH | 15 |       |SM      MR|m^4/s           |Leith Biharm Visc Coefficient (m4/s) (Div Pt)
   144 |VAHZLTHD| 15 |       |SZ      MR|m^2/s           |LeithD Harm Visc Coefficient (m2/s) (Zeta Pt)
   145 |VA4ZLTHD| 15 |       |SZ      MR|m^4/s           |LeithD Biharm Visc Coefficient (m4/s) (Zeta Pt)
   146 |VAHDLTHD| 15 |       |SM      MR|m^2/s           |LeithD Harm Visc Coefficient (m2/s) (Div Pt)
   147 |VA4DLTHD| 15 |       |SM      MR|m^4/s           |LeithD Biharm Visc Coefficient (m4/s) (Div Pt)
   148 |VAHZSMAG| 15 |       |SZ      MR|m^2/s           |Smagorinsky Harm Visc Coefficient (m2/s) (Zeta Pt)
   149 |VA4ZSMAG| 15 |       |SZ      MR|m^4/s           |Smagorinsky Biharm Visc Coeff. (m4/s) (Zeta Pt)
   150 |VAHDSMAG| 15 |       |SM      MR|m^2/s           |Smagorinsky Harm Visc Coefficient (m2/s) (Div Pt)
   151 |VA4DSMAG| 15 |       |SM      MR|m^4/s           |Smagorinsky Biharm Visc Coeff. (m4/s) (Div Pt)
   152 |momKE   | 15 |       |SMR     MR|m^2/s^2         |Kinetic Energy (in momentum Eq.)
   153 |momHDiv | 15 |       |SMR     MR|s^-1            |Horizontal Divergence (in momentum Eq.)
   154 |momVort3| 15 |       |SZR     MR|s^-1            |3rd component (vertical) of Vorticity
   155 |Strain  | 15 |       |SZR     MR|s^-1            |Horizontal Strain of Horizontal Velocities
   156 |Tension | 15 |       |SMR     MR|s^-1            |Horizontal Tension of Horizontal Velocities
   157 |UBotDrag| 15 |   158 |UUR     MR|m/s^2           |U momentum tendency from Bottom Drag
   158 |VBotDrag| 15 |   157 |VVR     MR|m/s^2           |V momentum tendency from Bottom Drag
   159 |USidDrag| 15 |   160 |UUR     MR|m/s^2           |U momentum tendency from Side Drag
   160 |VSidDrag| 15 |   159 |VVR     MR|m/s^2           |V momentum tendency from Side Drag
   161 |Um_Diss | 15 |   162 |UUR     MR|m/s^2           |U momentum tendency from Dissipation
   162 |Vm_Diss | 15 |   161 |VVR     MR|m/s^2           |V momentum tendency from Dissipation
   163 |Um_Advec| 15 |   164 |UUR     MR|m/s^2           |U momentum tendency from Advection terms
   164 |Vm_Advec| 15 |   163 |VVR     MR|m/s^2           |V momentum tendency from Advection terms
   165 |Um_Cori | 15 |   166 |UUR     MR|m/s^2           |U momentum tendency from Coriolis term
   166 |Vm_Cori | 15 |   165 |VVR     MR|m/s^2           |V momentum tendency from Coriolis term
   167 |Um_dPHdx| 15 |   168 |UUR     MR|m/s^2           |U momentum tendency from Hydrostatic Pressure grad
   168 |Vm_dPHdy| 15 |   167 |VVR     MR|m/s^2           |V momentum tendency from Hydrostatic Pressure grad
   169 |Um_Ext  | 15 |   170 |UUR     MR|m/s^2           |U momentum tendency from external forcing
   170 |Vm_Ext  | 15 |   169 |VVR     MR|m/s^2           |V momentum tendency from external forcing
   171 |Um_AdvZ3| 15 |   172 |UUR     MR|m/s^2           |U momentum tendency from Vorticity Advection
   172 |Vm_AdvZ3| 15 |   171 |VVR     MR|m/s^2           |V momentum tendency from Vorticity Advection
   173 |Um_AdvRe| 15 |   174 |UUR     MR|m/s^2           |U momentum tendency from vertical Advection (Explicit part)
   174 |Vm_AdvRe| 15 |   173 |VVR     MR|m/s^2           |V momentum tendency from vertical Advection (Explicit part)
   175 |ADVx_Um | 15 |   176 |UM      MR|m^4/s^2         |Zonal      Advective Flux of U momentum
   176 |ADVy_Um | 15 |   175 |VZ      MR|m^4/s^2         |Meridional Advective Flux of U momentum
   177 |ADVrE_Um| 15 |       |WU      LR|m^4/s^2         |Vertical   Advective Flux of U momentum (Explicit part)
   178 |ADVx_Vm | 15 |   179 |UZ      MR|m^4/s^2         |Zonal      Advective Flux of V momentum
   179 |ADVy_Vm | 15 |   178 |VM      MR|m^4/s^2         |Meridional Advective Flux of V momentum
   180 |ADVrE_Vm| 15 |       |WV      LR|m^4/s^2         |Vertical   Advective Flux of V momentum (Explicit part)
   181 |VISCx_Um| 15 |   182 |UM      MR|m^4/s^2         |Zonal      Viscous Flux of U momentum
   182 |VISCy_Um| 15 |   181 |VZ      MR|m^4/s^2         |Meridional Viscous Flux of U momentum
   183 |VISrE_Um| 15 |       |WU      LR|m^4/s^2         |Vertical   Viscous Flux of U momentum (Explicit part)
   184 |VISrI_Um| 15 |       |WU      LR|m^4/s^2         |Vertical   Viscous Flux of U momentum (Implicit part)
   185 |VISCx_Vm| 15 |   186 |UZ      MR|m^4/s^2         |Zonal      Viscous Flux of V momentum
   186 |VISCy_Vm| 15 |   185 |VM      MR|m^4/s^2         |Meridional Viscous Flux of V momentum
   187 |VISrE_Vm| 15 |       |WV      LR|m^4/s^2         |Vertical   Viscous Flux of V momentum (Explicit part)
   188 |VISrI_Vm| 15 |       |WV      LR|m^4/s^2         |Vertical   Viscous Flux of V momentum (Implicit part)
   189 |GM_VisbK|  1 |       |SM P    M1|m^2/s           |Mixing coefficient from Visbeck etal parameterization
   190 |GM_hTrsL|  1 |       |SM P    M1|m               |Base depth (>0) of the Transition Layer
   191 |GM_baseS|  1 |       |SM P    M1|1               |Slope at the base of the Transition Layer
   192 |GM_rLamb|  1 |       |SM P    M1|1/m             |Slope vertical gradient at Trans. Layer Base (=recip.Lambda)
   193 |SubMesLf|  1 |       |SM P    M1|m               |Sub-Meso horiz. Length Scale (Lf)
   194 |SubMpsiX|  1 |   195 |UU      M1|m^2/s           |Sub-Meso transp.stream-funct. magnitude (Psi0): U component
   195 |SubMpsiY|  1 |   194 |VV      M1|m^2/s           |Sub-Meso transp.stream-funct. magnitude (Psi0): V component
   196 |GM_Kux  | 15 |   197 |UU P    MR|m^2/s           |K_11 element (U.point, X.dir) of GM-Redi tensor
   197 |GM_Kvy  | 15 |   196 |VV P    MR|m^2/s           |K_22 element (V.point, Y.dir) of GM-Redi tensor
   198 |GM_Kuz  | 15 |   199 |UU      MR|m^2/s           |K_13 element (U.point, Z.dir) of GM-Redi tensor
   199 |GM_Kvz  | 15 |   198 |VV      MR|m^2/s           |K_23 element (V.point, Z.dir) of GM-Redi tensor
------------------------------------------------------------------------------------
  Num  |<-Name->|Levs|  mate |<- code ->|<--  Units   -->|<- Tile (max=80c)         
------------------------------------------------------------------------------------
   200 |GM_Kwx  | 15 |   201 |UM      LR|m^2/s           |K_31 element (W.point, X.dir) of GM-Redi tensor
   201 |GM_Kwy  | 15 |   200 |VM      LR|m^2/s           |K_32 element (W.point, Y.dir) of GM-Redi tensor
   202 |GM_Kwz  | 15 |       |WM P    LR|m^2/s           |K_33 element (W.point, Z.dir) of GM-Redi tensor
   203 |GM_PsiX | 15 |   204 |UU      LR|m^2/s           |GM Bolus transport stream-function : U component
   204 |GM_PsiY | 15 |   203 |VV      LR|m^2/s           |GM Bolus transport stream-function : V component
   205 |GM_KuzTz| 15 |   206 |UU      MR|degC.m^3/s      |Redi Off-diagonal Temperature flux: X component
   206 |GM_KvzTz| 15 |   205 |VV      MR|degC.m^3/s      |Redi Off-diagonal Temperature flux: Y component
   207 |GM_KwzTz| 15 |       |WM      LR|degC.m^3/s      |Redi main-diagonal vertical Temperature flux
   208 |GM_ubT  | 15 |   209 |UUr     MR|degC.m^3/s      |Zonal Mass-Weight Bolus Transp of Pot Temp
   209 |GM_vbT  | 15 |   208 |VVr     MR|degC.m^3/s      |Meridional Mass-Weight Bolus Transp of Pot Temp
   210 |GM_BVPcW|  1 |   211 |SU P    M1|m/s             |WKB wave speed (at Western edge location)
   211 |GM_BVPcS|  1 |   210 |SV P    M1|m/s             |WKB wave speed (at Southern edge location)
   212 |TRAC01  | 15 |       |SMR     MR|mol C/m         |Dissolved Inorganic Carbon concentration
   213 |UTRAC01 | 15 |   214 |UUr     MR|molC/m.m/s      |Zonal Mass-Weighted Transp of dic
   214 |VTRAC01 | 15 |   213 |VVr     MR|molC/m.m/s      |Merid Mass-Weighted Transp of dic
   215 |WTRAC01 | 15 |       |WM      MR|molC/m.m/s      |Vert  Mass-Weighted Transp of dic
   216 |ForcTr01| 15 |       |SMR     MR|molC/m/s        |dic forcing tendency
   217 |AB_gTr01| 15 |       |SMR     MR|molC/m/s        |dic tendency from Adams-Bashforth
   218 |ADVrTr01| 15 |       |WM      LR|molC/m.m^3/s    |Vertical   Advective Flux of dic
   219 |ADVxTr01| 15 |   220 |UU      MR|molC/m.m^3/s    |Zonal      Advective Flux of dic
   220 |ADVyTr01| 15 |   219 |VV      MR|molC/m.m^3/s    |Meridional Advective Flux of dic
   221 |DFrETr01| 15 |       |WM      LR|molC/m.m^3/s    |Vertical Diffusive Flux of dic (Explicit part)
   222 |DFxETr01| 15 |   223 |UU      MR|molC/m.m^3/s    |Zonal      Diffusive Flux of dic
   223 |DFyETr01| 15 |   222 |VV      MR|molC/m.m^3/s    |Meridional Diffusive Flux of dic
   224 |DFrITr01| 15 |       |WM      LR|molC/m.m^3/s    |Vertical Diffusive Flux of dic (Implicit part)
   225 |TRAC02  | 15 |       |SMR     MR|mol eq/         |Alkalinity concentration
   226 |UTRAC02 | 15 |   227 |UUr     MR|moleq/.m/s      |Zonal Mass-Weighted Transp of alk
   227 |VTRAC02 | 15 |   226 |VVr     MR|moleq/.m/s      |Merid Mass-Weighted Transp of alk
   228 |WTRAC02 | 15 |       |WM      MR|moleq/.m/s      |Vert  Mass-Weighted Transp of alk
   229 |ForcTr02| 15 |       |SMR     MR|moleq//s        |alk forcing tendency
   230 |AB_gTr02| 15 |       |SMR     MR|moleq//s        |alk tendency from Adams-Bashforth
   231 |ADVrTr02| 15 |       |WM      LR|moleq/.m^3/s    |Vertical   Advective Flux of alk
   232 |ADVxTr02| 15 |   233 |UU      MR|moleq/.m^3/s    |Zonal      Advective Flux of alk
   233 |ADVyTr02| 15 |   232 |VV      MR|moleq/.m^3/s    |Meridional Advective Flux of alk
   234 |DFrETr02| 15 |       |WM      LR|moleq/.m^3/s    |Vertical Diffusive Flux of alk (Explicit part)
   235 |DFxETr02| 15 |   236 |UU      MR|moleq/.m^3/s    |Zonal      Diffusive Flux of alk
   236 |DFyETr02| 15 |   235 |VV      MR|moleq/.m^3/s    |Meridional Diffusive Flux of alk
   237 |DFrITr02| 15 |       |WM      LR|moleq/.m^3/s    |Vertical Diffusive Flux of alk (Implicit part)
   238 |TRAC03  | 15 |       |SMR     MR|mol P/m         |Phosphate concentration
   239 |UTRAC03 | 15 |   240 |UUr     MR|molP/m.m/s      |Zonal Mass-Weighted Transp of po4
   240 |VTRAC03 | 15 |   239 |VVr     MR|molP/m.m/s      |Merid Mass-Weighted Transp of po4
   241 |WTRAC03 | 15 |       |WM      MR|molP/m.m/s      |Vert  Mass-Weighted Transp of po4
   242 |ForcTr03| 15 |       |SMR     MR|molP/m/s        |po4 forcing tendency
   243 |AB_gTr03| 15 |       |SMR     MR|molP/m/s        |po4 tendency from Adams-Bashforth
   244 |ADVrTr03| 15 |       |WM      LR|molP/m.m^3/s    |Vertical   Advective Flux of po4
   245 |ADVxTr03| 15 |   246 |UU      MR|molP/m.m^3/s    |Zonal      Advective Flux of po4
   246 |ADVyTr03| 15 |   245 |VV      MR|molP/m.m^3/s    |Meridional Advective Flux of po4
   247 |DFrETr03| 15 |       |WM      LR|molP/m.m^3/s    |Vertical Diffusive Flux of po4 (Explicit part)
   248 |DFxETr03| 15 |   249 |UU      MR|molP/m.m^3/s    |Zonal      Diffusive Flux of po4
   249 |DFyETr03| 15 |   248 |VV      MR|molP/m.m^3/s    |Meridional Diffusive Flux of po4
   250 |DFrITr03| 15 |       |WM      LR|molP/m.m^3/s    |Vertical Diffusive Flux of po4 (Implicit part)
   251 |TRAC04  | 15 |       |SMR     MR|mol P/m         |Dissolved Organic Phosphorus concentration
   252 |UTRAC04 | 15 |   253 |UUr     MR|molP/m.m/s      |Zonal Mass-Weighted Transp of dop
   253 |VTRAC04 | 15 |   252 |VVr     MR|molP/m.m/s      |Merid Mass-Weighted Transp of dop
   254 |WTRAC04 | 15 |       |WM      MR|molP/m.m/s      |Vert  Mass-Weighted Transp of dop
   255 |ForcTr04| 15 |       |SMR     MR|molP/m/s        |dop forcing tendency
   256 |AB_gTr04| 15 |       |SMR     MR|molP/m/s        |dop tendency from Adams-Bashforth
   257 |ADVrTr04| 15 |       |WM      LR|molP/m.m^3/s    |Vertical   Advective Flux of dop
   258 |ADVxTr04| 15 |   259 |UU      MR|molP/m.m^3/s    |Zonal      Advective Flux of dop
   259 |ADVyTr04| 15 |   258 |VV      MR|molP/m.m^3/s    |Meridional Advective Flux of dop
   260 |DFrETr04| 15 |       |WM      LR|molP/m.m^3/s    |Vertical Diffusive Flux of dop (Explicit part)
   261 |DFxETr04| 15 |   262 |UU      MR|molP/m.m^3/s    |Zonal      Diffusive Flux of dop
   262 |DFyETr04| 15 |   261 |VV      MR|molP/m.m^3/s    |Meridional Diffusive Flux of dop
   263 |DFrITr04| 15 |       |WM      LR|molP/m.m^3/s    |Vertical Diffusive Flux of dop (Implicit part)
   264 |TRAC05  | 15 |       |SMR     MR|mol O/m         |Dissolved Oxygen concentration
   265 |UTRAC05 | 15 |   266 |UUr     MR|molO/m.m/s      |Zonal Mass-Weighted Transp of o2
   266 |VTRAC05 | 15 |   265 |VVr     MR|molO/m.m/s      |Merid Mass-Weighted Transp of o2
   267 |WTRAC05 | 15 |       |WM      MR|molO/m.m/s      |Vert  Mass-Weighted Transp of o2
   268 |ForcTr05| 15 |       |SMR     MR|molO/m/s        |o2 forcing tendency
   269 |AB_gTr05| 15 |       |SMR     MR|molO/m/s        |o2 tendency from Adams-Bashforth
   270 |ADVrTr05| 15 |       |WM      LR|molO/m.m^3/s    |Vertical   Advective Flux of o2
   271 |ADVxTr05| 15 |   272 |UU      MR|molO/m.m^3/s    |Zonal      Advective Flux of o2
   272 |ADVyTr05| 15 |   271 |VV      MR|molO/m.m^3/s    |Meridional Advective Flux of o2
   273 |DFrETr05| 15 |       |WM      LR|molO/m.m^3/s    |Vertical Diffusive Flux of o2 (Explicit part)
   274 |DFxETr05| 15 |   275 |UU      MR|molO/m.m^3/s    |Zonal      Diffusive Flux of o2
   275 |DFyETr05| 15 |   274 |VV      MR|molO/m.m^3/s    |Meridional Diffusive Flux of o2
   276 |DFrITr05| 15 |       |WM      LR|molO/m.m^3/s    |Vertical Diffusive Flux of o2 (Implicit part)
   277 |Add2EmP |  1 |       |SM      U1|kg/m^2/s        |additional EmP from salt relaxation
   278 |DICBIOA | 15 |       |SMRP    MR|mol/m3/sec      |Biological Productivity (mol/m3/s)
   279 |DICCARB | 15 |       |SMRP    MR|mol eq/m3/sec   |Carbonate chg-biol prod and remin (mol eq/m3/s)
   280 |DICTFLX |  1 |       |SM P    L1|mol/m3/sec      |Tendency of DIC due to air-sea exch (mol/m3/s)
   281 |DICOFLX |  1 |       |SM P    L1|mol/m3/sec      |Tendency of O2 due to air-sea exch (mol/m3/s)
   282 |DICCFLX |  1 |       |SM P    L1|mol/m2/sec      |Flux of CO2 - air-sea exch (mol/m2/s)
   283 |DICPCO2 |  1 |       |SM P    M1|atm             |Partial Pressure of CO2 (atm)
   284 |DICPHAV |  1 |       |SM P    M1|dimensionless   |pH (dimensionless)
   285 |GC_Tr01 | 15 |       |SMR     MR|mol C/m         |dic concentration before GCHEM
   286 |GC_Tr02 | 15 |       |SMR     MR|mol eq/         |alk concentration before GCHEM
   287 |GC_Tr03 | 15 |       |SMR     MR|mol P/m         |po4 concentration before GCHEM
   288 |GC_Tr04 | 15 |       |SMR     MR|mol P/m         |dop concentration before GCHEM
   289 |GC_Tr05 | 15 |       |SMR     MR|mol O/m         |o2 concentration before GCHEM
   290 |CPL_SLPr|  1 |       |SM      M1|Pa              |Atmos Sea-Level pressure anomaly (recv fr Coupler)
   291 |CPL_Qnet|  1 |       |SM      M1|W/m^2           |Net surface heat flux (+=up) (recv from Coupler)
   292 |CPL_Qsw |  1 |       |SM      M1|W/m^2           |Net shortwave heat flux (+=up)(recv from Coupler)
   293 |CPL_tauX|  1 |   294 |UM      M1|N/m^2           |Zonal  surface wind-stress (recv from Coupler)
   294 |CPL_tauY|  1 |   293 |UM      M1|N/m^2           |Merid. surface wind-stress (recv from Coupler)
   295 |CPL_FWat|  1 |       |SM      M1|kg/m^2/s        |Surface fresh-water flux (+=up)(recv from Coupler)
   296 |CPL_sFlx|  1 |       |SM      M1|g/m^2/s         |Salt flux from seaice comp (+=up)(recv fr Coupler)
   297 |CPL_iceM|  1 |       |SM      M1|kg/m^2          |Seaice mass       (recv from Coupler)
   298 |CPL_RnOf|  1 |       |SM      M1|kg/m^2/s        |river Run-Off (for DIC, +=down)(recv from Coupler)
   299 |CPL_aCO2|  1 |       |SM      M1|ppm             |Atmospheric CO2 (parts by vol)(recv from Coupler)
------------------------------------------------------------------------------------
  Num  |<-Name->|Levs|  mate |<- code ->|<--  Units   -->|<- Tile (max=80c)         
------------------------------------------------------------------------------------
   300 |CPL_wSpd|  1 |       |SM      M1|m/s             |Atmospheric surf. wind speed (recv from Coupler)
   301 |CPL_icFr|  1 |       |SM P    M1|0-1             |Seaice fraction (Atmos, recv from Coupler)
------------------------------------------------------------------------------------
  Num  |<-Name->|Levs|  mate |<- code ->|<--  Units   -->|<- Tile (max=80c)         
------------------------------------------------------------------------------------
